<?xml version="1.0" encoding="utf-8" ?>
<testsuites tests="4" failures="0" skipped="0" time="0.003445">
  <testsuite name="test_console_command_helpers" tests="1" failures="0" skipped="0" time="0.000982">
    <testcase name="test_getobj_helper_string_build" />
  </testsuite>
  <testsuite name="test_motor_interface" tests="2" failures="0" skipped="0" time="0.001131">
    <testcase name="test_angles_set_home_normal" />
    <testcase name="test_angles_set_home_bad_output" />
  </testsuite>
  <testsuite name="test_shared_task_resources" tests="1" failures="0" skipped="0" time="0.001332">
    <testcase name="test_shared_resource_init" />
  </testsuite>
</testsuites>
